<html>
<head>
<title>TestNG:  testng</title>
<link href="../testng.css" rel="stylesheet" type="text/css" />
<link href="../my-testng.css" rel="stylesheet" type="text/css" />

<style type="text/css">
.log { display: none;} 
.stack-trace { display: none;} 
</style>
<script type="text/javascript">
<!--
function flip(e) {
  current = e.style.display;
  if (current == 'block') {
    e.style.display = 'none';
    return 0;
  }
  else {
    e.style.display = 'block';
    return 1;
  }
}

function toggleBox(szDivId, elem, msg1, msg2)
{
  var res = -1;  if (document.getElementById) {
    res = flip(document.getElementById(szDivId));
  }
  else if (document.all) {
    // this is the way old msie versions work
    res = flip(document.all[szDivId]);
  }
  if(elem) {
    if(res == 0) elem.innerHTML = msg1; else elem.innerHTML = msg2;
  }

}

function toggleAllBoxes() {
  if (document.getElementsByTagName) {
    d = document.getElementsByTagName('div');
    for (i = 0; i < d.length; i++) {
      if (d[i].className == 'log') {
        flip(d[i]);
      }
    }
  }
}

// -->
</script>

</head>
<body>
<h2 align='center'>testng</h2><table border='1' align="center">
<tr>
<td>Tests passed/Failed/Skipped:</td><td>17/1/0</td>
</tr><tr>
<td>Started on:</td><td>Sun Oct 16 13:35:29 IST 2022</td>
</tr>
<tr><td>Total time:</td><td>59 seconds (59253 ms)</td>
</tr><tr>
<td>Included groups:</td><td></td>
</tr><tr>
<td>Excluded groups:</td><td></td>
</tr>
</table><p/>
<small><i>(Hover the method name to see the test class name)</i></small><p/>
<table width='100%' border='1' class='invocation-failed'>
<tr><td colspan='4' align='center'><b>FAILED TESTS</b></td></tr>
<tr><td><b>Test method</b></td>
<td width="30%"><b>Exception</b></td>
<td width="10%"><b>Time (seconds)</b></td>
<td><b>Instance</b></td>
</tr>
<tr>
<td title='com.itview.testing.LoginOrangeHRM.loginInvalid()'><b>loginInvalid</b><br>Test class: com.itview.testing.LoginOrangeHRM<br>Test method: Verify Login functionality using 'Invalid' user for OrangeHRM</td>
<td><div><pre>org.openqa.selenium.NoSuchElementException: no such element: Unable to locate element: {&quot;method&quot;:&quot;css selector&quot;,&quot;selector&quot;:&quot;input[name=&apos;username&apos;]&quot;}
  (Session info: chrome=106.0.5249.119)
For documentation on this error, please visit: https://selenium.dev/exceptions/#no_such_element
Build info: version: &apos;4.4.0&apos;, revision: &apos;e5c75ed026a&apos;
System info: host: &apos;DESKTOP-OIT7ALM&apos;, ip: &apos;192.168.1.76&apos;, os.name: &apos;Windows 10&apos;, os.arch: &apos;amd64&apos;, os.version: &apos;10.0&apos;, java.version: &apos;18.0.2&apos;
Driver info: org.openqa.selenium.chrome.ChromeDriver
Command: [19d0d9d290d9dfad2ba0d1938b46ae24, findElement {using=css selector, value=input[name=&apos;username&apos;]}]
Capabilities {acceptInsecureCerts: false, browserName: chrome, browserVersion: 106.0.5249.119, chrome: {chromedriverVersion: 106.0.5249.61 (511755355844..., userDataDir: C:\Users\user\AppData\Local...}, goog:chromeOptions: {debuggerAddress: localhost:57536}, networkConnectionEnabled: false, pageLoadStrategy: normal, platformName: WINDOWS, proxy: Proxy(), se:cdp: ws://localhost:57536/devtoo..., se:cdpVersion: 106.0.5249.119, setWindowRect: true, strictFileInteractability: false, timeouts: {implicit: 0, pageLoad: 300000, script: 30000}, unhandledPromptBehavior: dismiss and notify, webauthn:extension:credBlob: true, webauthn:extension:largeBlob: true, webauthn:virtualAuthenticators: true}
Session ID: 19d0d9d290d9dfad2ba0d1938b46ae24
	at org.openqa.selenium.remote.codec.w3c.W3CHttpResponseCodec.createException(W3CHttpResponseCodec.java:200)
	at org.openqa.selenium.remote.codec.w3c.W3CHttpResponseCodec.decode(W3CHttpResponseCodec.java:133)
	at org.openqa.selenium.remote.codec.w3c.W3CHttpResponseCodec.decode(W3CHttpResponseCodec.java:53)
	at org.openqa.selenium.remote.HttpCommandExecutor.execute(HttpCommandExecutor.java:184)
	at org.openqa.selenium.remote.service.DriverCommandExecutor.invokeExecute(DriverCommandExecutor.java:167)
	at org.openqa.selenium.remote.service.DriverCommandExecutor.execute(DriverCommandExecutor.java:142)
	at org.openqa.selenium.remote.RemoteWebDriver.execute(RemoteWebDriver.java:547)
	at org.openqa.selenium.remote.ElementLocation$ElementFinder$2.findElement(ElementLocation.java:162)
	at org.openqa.selenium.remote.ElementLocation.findElement(ElementLocation.java:60)
	at org.openqa.selenium.remote.RemoteWebDriver.findElement(RemoteWebDriver.java:365)
	at org.openqa.selenium.remote.RemoteWebDriver.findElement(RemoteWebDriver.java:357)
	at com.itview.testing.LoginOrangeHRM.loginInvalid(LoginOrangeHRM.java:51)
	at java.base/java.util.ArrayList.forEach(ArrayList.java:1511)
... Removed 28 stack frames</pre></div><a href='#' onClick='toggleBox("stack-trace387827651", this, "Click to show all stack frames", "Click to hide stack frames")'>Click to show all stack frames</a>
<div class='stack-trace' id='stack-trace387827651'><pre>org.openqa.selenium.NoSuchElementException: no such element: Unable to locate element: {&quot;method&quot;:&quot;css selector&quot;,&quot;selector&quot;:&quot;input[name=&apos;username&apos;]&quot;}
  (Session info: chrome=106.0.5249.119)
For documentation on this error, please visit: https://selenium.dev/exceptions/#no_such_element
Build info: version: &apos;4.4.0&apos;, revision: &apos;e5c75ed026a&apos;
System info: host: &apos;DESKTOP-OIT7ALM&apos;, ip: &apos;192.168.1.76&apos;, os.name: &apos;Windows 10&apos;, os.arch: &apos;amd64&apos;, os.version: &apos;10.0&apos;, java.version: &apos;18.0.2&apos;
Driver info: org.openqa.selenium.chrome.ChromeDriver
Command: [19d0d9d290d9dfad2ba0d1938b46ae24, findElement {using=css selector, value=input[name=&apos;username&apos;]}]
Capabilities {acceptInsecureCerts: false, browserName: chrome, browserVersion: 106.0.5249.119, chrome: {chromedriverVersion: 106.0.5249.61 (511755355844..., userDataDir: C:\Users\user\AppData\Local...}, goog:chromeOptions: {debuggerAddress: localhost:57536}, networkConnectionEnabled: false, pageLoadStrategy: normal, platformName: WINDOWS, proxy: Proxy(), se:cdp: ws://localhost:57536/devtoo..., se:cdpVersion: 106.0.5249.119, setWindowRect: true, strictFileInteractability: false, timeouts: {implicit: 0, pageLoad: 300000, script: 30000}, unhandledPromptBehavior: dismiss and notify, webauthn:extension:credBlob: true, webauthn:extension:largeBlob: true, webauthn:virtualAuthenticators: true}
Session ID: 19d0d9d290d9dfad2ba0d1938b46ae24
	at java.base/jdk.internal.reflect.DirectConstructorHandleAccessor.newInstance(DirectConstructorHandleAccessor.java:67)
	at java.base/java.lang.reflect.Constructor.newInstanceWithCaller(Constructor.java:499)
	at java.base/java.lang.reflect.Constructor.newInstance(Constructor.java:483)
	at org.openqa.selenium.remote.codec.w3c.W3CHttpResponseCodec.createException(W3CHttpResponseCodec.java:200)
	at org.openqa.selenium.remote.codec.w3c.W3CHttpResponseCodec.decode(W3CHttpResponseCodec.java:133)
	at org.openqa.selenium.remote.codec.w3c.W3CHttpResponseCodec.decode(W3CHttpResponseCodec.java:53)
	at org.openqa.selenium.remote.HttpCommandExecutor.execute(HttpCommandExecutor.java:184)
	at org.openqa.selenium.remote.service.DriverCommandExecutor.invokeExecute(DriverCommandExecutor.java:167)
	at org.openqa.selenium.remote.service.DriverCommandExecutor.execute(DriverCommandExecutor.java:142)
	at org.openqa.selenium.remote.RemoteWebDriver.execute(RemoteWebDriver.java:547)
	at org.openqa.selenium.remote.ElementLocation$ElementFinder$2.findElement(ElementLocation.java:162)
	at org.openqa.selenium.remote.ElementLocation.findElement(ElementLocation.java:60)
	at org.openqa.selenium.remote.RemoteWebDriver.findElement(RemoteWebDriver.java:365)
	at org.openqa.selenium.remote.RemoteWebDriver.findElement(RemoteWebDriver.java:357)
	at com.itview.testing.LoginOrangeHRM.loginInvalid(LoginOrangeHRM.java:51)
	at java.base/jdk.internal.reflect.DirectMethodHandleAccessor.invoke(DirectMethodHandleAccessor.java:104)
	at java.base/java.lang.reflect.Method.invoke(Method.java:577)
	at org.testng.internal.MethodInvocationHelper.invokeMethod(MethodInvocationHelper.java:133)
	at org.testng.internal.TestInvoker.invokeMethod(TestInvoker.java:598)
	at org.testng.internal.TestInvoker.invokeTestMethod(TestInvoker.java:173)
	at org.testng.internal.MethodRunner.runInSequence(MethodRunner.java:46)
	at org.testng.internal.TestInvoker$MethodInvocationAgent.invoke(TestInvoker.java:824)
	at org.testng.internal.TestInvoker.invokeTestMethods(TestInvoker.java:146)
	at org.testng.internal.TestMethodWorker.invokeTestMethods(TestMethodWorker.java:146)
	at org.testng.internal.TestMethodWorker.run(TestMethodWorker.java:128)
	at java.base/java.util.ArrayList.forEach(ArrayList.java:1511)
	at org.testng.TestRunner.privateRun(TestRunner.java:794)
	at org.testng.TestRunner.run(TestRunner.java:596)
	at org.testng.SuiteRunner.runTest(SuiteRunner.java:377)
	at org.testng.SuiteRunner.runSequentially(SuiteRunner.java:371)
	at org.testng.SuiteRunner.privateRun(SuiteRunner.java:332)
	at org.testng.SuiteRunner.run(SuiteRunner.java:276)
	at org.testng.SuiteRunnerWorker.runSuite(SuiteRunnerWorker.java:53)
	at org.testng.SuiteRunnerWorker.run(SuiteRunnerWorker.java:96)
	at org.testng.TestNG.runSuitesSequentially(TestNG.java:1212)
	at org.testng.TestNG.runSuitesLocally(TestNG.java:1134)
	at org.testng.TestNG.runSuites(TestNG.java:1063)
	at org.testng.TestNG.run(TestNG.java:1031)
	at org.testng.remote.AbstractRemoteTestNG.run(AbstractRemoteTestNG.java:115)
	at org.testng.remote.RemoteTestNG.initAndRun(RemoteTestNG.java:251)
	at org.testng.remote.RemoteTestNG.main(RemoteTestNG.java:77)
</pre></div></td>
<td>3</td>
<td>com.itview.testing.LoginOrangeHRM@12aba8be</td></tr>
</table><p>
<table width='100%' border='1' class='invocation-passed'>
<tr><td colspan='4' align='center'><b>PASSED TESTS</b></td></tr>
<tr><td><b>Test method</b></td>
<td width="30%"><b>Exception</b></td>
<td width="10%"><b>Time (seconds)</b></td>
<td><b>Instance</b></td>
</tr>
<tr>
<td title='com.itview.testing.Web_Object_Test.handleRadiobuttonCheckbox()'><b>handleRadiobuttonCheckbox</b><br>Test class: com.itview.testing.Web_Object_Test<br>Test method: Test case to handle Radio Button and Checkbox</td>
<td></td>
<td>0</td>
<td>com.itview.testing.Web_Object_Test@3cebbb30</td></tr>
<tr>
<td title='com.itview.testing.SoftAssertTest.loginAdmin()'><b>loginAdmin</b><br>Test class: com.itview.testing.SoftAssertTest<br>Test method: Verify Login functionality using 'Admin' user</td>
<td></td>
<td>2</td>
<td>com.itview.testing.SoftAssertTest@434a63ab</td></tr>
<tr>
<td title='com.itview.testing.LoginTestScenario.loginJsmith()'><b>loginJsmith</b><br>Test class: com.itview.testing.LoginTestScenario<br>Test method: Verify Login functionality using 'Jsmith' user</td>
<td></td>
<td>4</td>
<td>com.itview.testing.LoginTestScenario@1e1a0406</td></tr>
<tr>
<td title='com.itview.testing.Web_Object_Test.handleDropDownList()'><b>handleDropDownList</b><br>Test class: com.itview.testing.Web_Object_Test<br>Test method: Test case to handle DropDown List</td>
<td></td>
<td>0</td>
<td>com.itview.testing.Web_Object_Test@3cebbb30</td></tr>
<tr>
<td title='com.itview.testing.LoginOrangeHRM.loginAdmin()'><b>loginAdmin</b><br>Test class: com.itview.testing.LoginOrangeHRM<br>Test method: Verify Login functionality using 'Admin' user for OrangeHRM</td>
<td></td>
<td>9</td>
<td>com.itview.testing.LoginOrangeHRM@12aba8be</td></tr>
<tr>
<td title='com.itview.testing.LoginTestScenario.loginTuser()'><b>loginTuser</b><br>Test class: com.itview.testing.LoginTestScenario<br>Test method: Verify Login functionality using 'Tuser' user</td>
<td></td>
<td>4</td>
<td>com.itview.testing.LoginTestScenario@1e1a0406</td></tr>
<tr>
<td title='com.itview.testing.AllAnnotations.Test1()'><b>Test1</b><br>Test class: com.itview.testing.AllAnnotations</td>
<td></td>
<td>0</td>
<td>com.itview.testing.AllAnnotations@437da279</td></tr>
<tr>
<td title='com.itview.testing.HardAssertTest.loginAdmin()'><b>loginAdmin</b><br>Test class: com.itview.testing.HardAssertTest<br>Test method: Verify Login functionality using 'Admin' user</td>
<td></td>
<td>1</td>
<td>com.itview.testing.HardAssertTest@23c30a20</td></tr>
<tr>
<td title='com.itview.testing.LoginTestScenario.loginSspeed()'><b>loginSspeed</b><br>Test class: com.itview.testing.LoginTestScenario<br>Test method: Verify Login functionality using 'Sspeed' user</td>
<td></td>
<td>4</td>
<td>com.itview.testing.LoginTestScenario@1e1a0406</td></tr>
<tr>
<td title='com.itview.testing.SoftAssertTest.logoutAdmin()'><b>logoutAdmin</b><br>Test class: com.itview.testing.SoftAssertTest<br>Test method: Verify Login functionality using 'Admin' user</td>
<td></td>
<td>4</td>
<td>com.itview.testing.SoftAssertTest@434a63ab</td></tr>
<tr>
<td title='com.itview.testing.HardAssertTest.logoutAdmin()'><b>logoutAdmin</b><br>Test class: com.itview.testing.HardAssertTest<br>Test method: Verify Logout functionality using 'Admin' user</td>
<td></td>
<td>4</td>
<td>com.itview.testing.HardAssertTest@23c30a20</td></tr>
<tr>
<td title='com.itview.testing.Web_Object_Test.handleTextField()'><b>handleTextField</b><br>Test class: com.itview.testing.Web_Object_Test<br>Test method: Test case to handle Text Field</td>
<td></td>
<td>2</td>
<td>com.itview.testing.Web_Object_Test@3cebbb30</td></tr>
<tr>
<td title='com.itview.testing.AllAnnotations.Test3()'><b>Test3</b><br>Test class: com.itview.testing.AllAnnotations</td>
<td></td>
<td>0</td>
<td>com.itview.testing.AllAnnotations@437da279</td></tr>
<tr>
<td title='com.itview.testing.LoginTestScenario.loginAdmin()'><b>loginAdmin</b><br>Test class: com.itview.testing.LoginTestScenario<br>Test method: Verify Login functionality using 'Admin' user</td>
<td></td>
<td>4</td>
<td>com.itview.testing.LoginTestScenario@1e1a0406</td></tr>
<tr>
<td title='com.itview.testing.AllAnnotations.Test2()'><b>Test2</b><br>Test class: com.itview.testing.AllAnnotations</td>
<td></td>
<td>0</td>
<td>com.itview.testing.AllAnnotations@437da279</td></tr>
<tr>
<td title='com.itview.testing.LoginTestScenario.loginAdmin()'><b>loginAdmin</b><br>Test class: com.itview.testing.LoginTestScenario<br>Test method: Verify Login functionality using 'Admin' user</td>
<td></td>
<td>5</td>
<td>com.itview.testing.LoginTestScenario@1e1a0406</td></tr>
<tr>
<td title='com.itview.testing.LoginTestScenario.loginInvalid()'><b>loginInvalid</b><br>Test class: com.itview.testing.LoginTestScenario<br>Test method: Verify Login functionality using 'Invalid' user</td>
<td></td>
<td>1</td>
<td>com.itview.testing.LoginTestScenario@1e1a0406</td></tr>
</table><p>
</body>
</html>