<?xml version="1.0" encoding="UTF-8"?>
<!-- Generated by org.testng.reporters.JUnitXMLReporter -->
<testsuite ignored="0" hostname="DESKTOP-OIT7ALM" failures="1" tests="3" name="TestPageObj" time="29.96" errors="0" timestamp="2022-10-16T14:22:52 IST">
  <testcase classname="com.itview.testcases.CarHomeLoan_Test" name="test_2lakh" time="7.186">
    <failure type="java.lang.AssertionError" message="expected [2,376.46] but found [46,746.5]">
      <![CDATA[java.lang.AssertionError: expected [2,376.46] but found [46,746.5]
at com.itview.testcases.CarHomeLoan_Test.test_2lakh(CarHomeLoan_Test.java:51)
at java.base/java.util.ArrayList.forEach(ArrayList.java:1511)
... Removed 31 stack frames]]>
    </failure>
  </testcase> <!-- test_2lakh -->
  <testcase classname="com.itview.testcases.CreditCard_Test" name="outstanding_20000" time="9.037"/>
  <testcase classname="com.itview.testcases.EducationLoan_Test" name="loanAmount_100000" time="10.011"/>
</testsuite> <!-- TestPageObj -->
