<?xml version="1.0" encoding="UTF-8"?>
<!-- Generated by org.testng.reporters.JUnitXMLReporter -->
<testsuite ignored="0" hostname="DESKTOP-OIT7ALM" failures="1" tests="18" name="testng" time="59.253" errors="0" timestamp="2022-10-16T13:36:28 IST">
  <testcase classname="com.itview.testing.SoftAssertTest" name="loginAdmin" time="2.322"/>
  <testcase classname="com.itview.testing.SoftAssertTest" name="logoutAdmin" time="4.207"/>
  <testcase classname="com.itview.testing.AllAnnotations" name="Test1" time="0.001"/>
  <testcase classname="com.itview.testing.AllAnnotations" name="Test2" time="0.001"/>
  <testcase classname="com.itview.testing.AllAnnotations" name="Test3" time="0.0"/>
  <testcase classname="com.itview.testing.HardAssertTest" name="loginAdmin" time="1.882"/>
  <testcase classname="com.itview.testing.HardAssertTest" name="logoutAdmin" time="4.209"/>
  <testcase classname="com.itview.testing.LoginTestScenario" name="loginAdmin" time="5.748"/>
  <testcase classname="com.itview.testing.LoginTestScenario" name="loginAdmin" time="4.64"/>
  <testcase classname="com.itview.testing.LoginTestScenario" name="loginTuser" time="4.655"/>
  <testcase classname="com.itview.testing.LoginTestScenario" name="loginJsmith" time="4.659"/>
  <testcase classname="com.itview.testing.LoginTestScenario" name="loginSspeed" time="4.654"/>
  <testcase classname="com.itview.testing.LoginTestScenario" name="loginInvalid" time="1.004"/>
  <testcase classname="com.itview.testing.Web_Object_Test" name="handleTextField" time="2.948"/>
  <testcase classname="com.itview.testing.Web_Object_Test" name="handleRadiobuttonCheckbox" time="0.166"/>
  <testcase classname="com.itview.testing.Web_Object_Test" name="handleDropDownList" time="0.244"/>
  <testcase classname="com.itview.testing.LoginOrangeHRM" name="loginAdmin" time="9.374"/>
  <testcase classname="com.itview.testing.LoginOrangeHRM" name="loginInvalid" time="3.141">
    <failure type="org.openqa.selenium.NoSuchElementException" message="no such element: Unable to locate element: {&amp;quot;method&amp;quot;:&amp;quot;css selector&amp;quot;,&amp;quot;selector&amp;quot;:&amp;quot;input[name=&amp;apos;username&amp;apos;]&amp;quot;}
  (Session info: chrome=106.0.5249.119)
For documentation on this error, please visit: https://selenium.dev/exceptions/#no_such_element
Build info: version: &amp;apos;4.4.0&amp;apos;, revision: &amp;apos;e5c75ed026a&amp;apos;
System info: host: &amp;apos;DESKTOP-OIT7ALM&amp;apos;, ip: &amp;apos;192.168.1.76&amp;apos;, os.name: &amp;apos;Windows 10&amp;apos;, os.arch: &amp;apos;amd64&amp;apos;, os.version: &amp;apos;10.0&amp;apos;, java.version: &amp;apos;18.0.2&amp;apos;
Driver info: org.openqa.selenium.chrome.ChromeDriver
Command: [19d0d9d290d9dfad2ba0d1938b46ae24, findElement {using=css selector, value=input[name=&amp;apos;username&amp;apos;]}]
Capabilities {acceptInsecureCerts: false, browserName: chrome, browserVersion: 106.0.5249.119, chrome: {chromedriverVersion: 106.0.5249.61 (511755355844..., userDataDir: C:\Users\user\AppData\Local...}, goog:chromeOptions: {debuggerAddress: localhost:57536}, networkConnectionEnabled: false, pageLoadStrategy: normal, platformName: WINDOWS, proxy: Proxy(), se:cdp: ws://localhost:57536/devtoo..., se:cdpVersion: 106.0.5249.119, setWindowRect: true, strictFileInteractability: false, timeouts: {implicit: 0, pageLoad: 300000, script: 30000}, unhandledPromptBehavior: dismiss and notify, webauthn:extension:credBlob: true, webauthn:extension:largeBlob: true, webauthn:virtualAuthenticators: true}
Session ID: 19d0d9d290d9dfad2ba0d1938b46ae24">
      <![CDATA[org.openqa.selenium.NoSuchElementException: no such element: Unable to locate element: {"method":"css selector","selector":"input[name='username']"}
  (Session info: chrome=106.0.5249.119)
For documentation on this error, please visit: https://selenium.dev/exceptions/#no_such_element
Build info: version: '4.4.0', revision: 'e5c75ed026a'
System info: host: 'DESKTOP-OIT7ALM', ip: '192.168.1.76', os.name: 'Windows 10', os.arch: 'amd64', os.version: '10.0', java.version: '18.0.2'
Driver info: org.openqa.selenium.chrome.ChromeDriver
Command: [19d0d9d290d9dfad2ba0d1938b46ae24, findElement {using=css selector, value=input[name='username']}]
Capabilities {acceptInsecureCerts: false, browserName: chrome, browserVersion: 106.0.5249.119, chrome: {chromedriverVersion: 106.0.5249.61 (511755355844..., userDataDir: C:\Users\user\AppData\Local...}, goog:chromeOptions: {debuggerAddress: localhost:57536}, networkConnectionEnabled: false, pageLoadStrategy: normal, platformName: WINDOWS, proxy: Proxy(), se:cdp: ws://localhost:57536/devtoo..., se:cdpVersion: 106.0.5249.119, setWindowRect: true, strictFileInteractability: false, timeouts: {implicit: 0, pageLoad: 300000, script: 30000}, unhandledPromptBehavior: dismiss and notify, webauthn:extension:credBlob: true, webauthn:extension:largeBlob: true, webauthn:virtualAuthenticators: true}
Session ID: 19d0d9d290d9dfad2ba0d1938b46ae24
at org.openqa.selenium.remote.codec.w3c.W3CHttpResponseCodec.createException(W3CHttpResponseCodec.java:200)
at org.openqa.selenium.remote.codec.w3c.W3CHttpResponseCodec.decode(W3CHttpResponseCodec.java:133)
at org.openqa.selenium.remote.codec.w3c.W3CHttpResponseCodec.decode(W3CHttpResponseCodec.java:53)
at org.openqa.selenium.remote.HttpCommandExecutor.execute(HttpCommandExecutor.java:184)
at org.openqa.selenium.remote.service.DriverCommandExecutor.invokeExecute(DriverCommandExecutor.java:167)
at org.openqa.selenium.remote.service.DriverCommandExecutor.execute(DriverCommandExecutor.java:142)
at org.openqa.selenium.remote.RemoteWebDriver.execute(RemoteWebDriver.java:547)
at org.openqa.selenium.remote.ElementLocation$ElementFinder$2.findElement(ElementLocation.java:162)
at org.openqa.selenium.remote.ElementLocation.findElement(ElementLocation.java:60)
at org.openqa.selenium.remote.RemoteWebDriver.findElement(RemoteWebDriver.java:365)
at org.openqa.selenium.remote.RemoteWebDriver.findElement(RemoteWebDriver.java:357)
at com.itview.testing.LoginOrangeHRM.loginInvalid(LoginOrangeHRM.java:51)
at java.base/java.util.ArrayList.forEach(ArrayList.java:1511)
... Removed 28 stack frames]]>
    </failure>
  </testcase> <!-- loginInvalid -->
</testsuite> <!-- testng -->
